222.67
340.02
987.51
156.55
8.95
57.33
156.70
18.14
41.12
61.37
13.67
0.85
50.17
89.62
86.94
48.94
23.19
7.08
10.38
10.21
42.35
0.89
44.94
74.83
5.66
120.79
37.72
15.80
46.62
29.78
38.22
50.40
27.32
61.79
4.94
24.04
100.01
16.30
40.33
33.07
49.74
113.28
46.02
26.52
15.67
5.64
11.25
2.31
55.81
18.10
1.28
54.27
43.56
13.38
7.88
47.51
357.88
32.91
9.67
7.33
12.51
12.30
1.98
10.42
32.99
6.79
38.43
42.13
17.55
80.73
4.43
2.98
10.95
17.61
9.87
11.10
7.69
23.11
13.03
11.53
17.44
29.58
2.76
4.64
1.84
8.34
1.66
4.53
50.68
7.03
4.83
2.03
2.39
9.56
75.67
5.04
228.82
